C51 COMPILER V9.01   MAIN                                                                  12/04/2023 18:18:39 PAGE 1   


C51 COMPILER V9.01, COMPILATION OF MODULE MAIN
OBJECT MODULE PLACED IN main.OBJ
COMPILER INVOKED BY: E:\keilc51\C51\BIN\C51.EXE main.c BROWSE DEBUG OBJECTEXTEND

line level    source

   1          #include "reg52.h"
   2          #define SMG     P0
   3          sbit LSA = P2^2;
   4          sbit LSB = P2^3;
   5          sbit LSC = P2^4;
   6          unsigned char gsmg_code[]={0x3f,0x06,0x5b,0x4f,0x66,0x6d,0x7d,0x07,
   7          0x7f,0x6f,0x77,0x7c,0x39,0x5e,0x79,0x71};
   8          
   9          void delay(unsigned int x){
  10   1           while(x--);
  11   1               }
  12          void main()
  13          {        int i; 
  14   1           while(1)
  15   1               {      for(i=0;i<8;i++){
  16   3               switch(i){
  17   4                case 0:LSC=1;LSB=1;LSA=1;break;
  18   4                case 1:LSC=1;LSB=1;LSA=0;break;
  19   4                case 2:LSC=1;LSB=0;LSA=1;break;
  20   4                case 3:LSC=1;LSB=0;LSA=0;break;
  21   4                case 4:LSC=0;LSB=1;LSA=1;break;
  22   4                case 5:LSC=0;LSB=1;LSA=0;break;
  23   4                case 6:LSC=0;LSB=0;LSA=1;break;
  24   4                case 7:LSC=0;LSB=0;LSA=0;break;}
  25   3                SMG=gsmg_code[i]  ;  
  26   3                delay(100)   ;
  27   3                SMG=0x00 ;
  28   3                }
  29   2               }
  30   1      }


MODULE INFORMATION:   STATIC OVERLAYABLE
   CODE SIZE        =    130    ----
   CONSTANT SIZE    =   ----    ----
   XDATA SIZE       =   ----    ----
   PDATA SIZE       =   ----    ----
   DATA SIZE        =     16    ----
   IDATA SIZE       =   ----    ----
   BIT SIZE         =   ----    ----
END OF MODULE INFORMATION.


C51 COMPILATION COMPLETE.  0 WARNING(S),  0 ERROR(S)
