C51 COMPILER V9.01   MAIN                                                                  12/19/2023 20:24:49 PAGE 1   


C51 COMPILER V9.01, COMPILATION OF MODULE MAIN
OBJECT MODULE PLACED IN main.OBJ
COMPILER INVOKED BY: E:\keilc51\C51\BIN\C51.EXE main.c BROWSE DEBUG OBJECTEXTEND

line level    source

   1          
   2          #include "reg52.h"
   3          
   4          typedef unsigned int u16;       
   5          typedef unsigned char u8;
   6          
   7          
   8          sbit LED1=P2^0;
   9          sbit LED2=P2^1;
  10          
  11          
  12          
  13          
  14          void delay(u16 x)
  15          {
  16   1              while(x--);     
  17   1      }
  18          
  19          
  20          
  21          void time0_init()
  22          {
  23   1              TMOD|=0X01;
  24   1              TH0=0XFC;
  25   1              TL0=0X18;       
  26   1              ET0=1;
  27   1              EA=1;
  28   1              TR0=1;          
  29   1      }
  30          
  31          
  32          void main()
  33          {       
  34   1              time0_init();
  35   1      
  36   1              while(1)
  37   1              {                       
  38   2                                                              
  39   2              }               
  40   1      }
  41          
  42          void time0() interrupt 1 
  43          {
  44   1              static u16 i=0;
  45   1              TH0=0XFC;       
  46   1              TL0=0X18;
  47   1              i++;
  48   1              if(i==1000)
  49   1              {       LED1=!LED1;     
  50   2                      LED2=!LED2;             
  51   2                      i=0;
  52   2                      
  53   2              }                                               
  54   1      }

C51 COMPILER V9.01   MAIN                                                                  12/19/2023 20:24:49 PAGE 2   


MODULE INFORMATION:   STATIC OVERLAYABLE
   CODE SIZE        =     73    ----
   CONSTANT SIZE    =   ----    ----
   XDATA SIZE       =   ----    ----
   PDATA SIZE       =   ----    ----
   DATA SIZE        =      2    ----
   IDATA SIZE       =   ----    ----
   BIT SIZE         =   ----    ----
END OF MODULE INFORMATION.


C51 COMPILATION COMPLETE.  0 WARNING(S),  0 ERROR(S)
