C51 COMPILER V9.01   MAIN                                                                  12/04/2023 17:43:03 PAGE 1   


C51 COMPILER V9.01, COMPILATION OF MODULE MAIN
OBJECT MODULE PLACED IN main.OBJ
COMPILER INVOKED BY: E:\keilc51\C51\BIN\C51.EXE main.c BROWSE DEBUG OBJECTEXTEND

line level    source

   1          #include "reg52.h"
   2          #define SMG     P0
   3          
   4          unsigned char gsmg_code[]={0x3f,0x06,0x5b,0x4f,0x66,0x6d,0x7d,0x07,
   5          0x7f,0x6f,0x77,0x7c,0x39,0x5e,0x79,0x71};
   6          
   7          void delay(unsigned int x){
   8   1           while(x--);
   9   1               }
  10          void main()
  11          {         SMG=gsmg_code[15]  ;
  12   1           while(1)
  13   1               {       
  14   2               }
  15   1      }


MODULE INFORMATION:   STATIC OVERLAYABLE
   CODE SIZE        =     16    ----
   CONSTANT SIZE    =   ----    ----
   XDATA SIZE       =   ----    ----
   PDATA SIZE       =   ----    ----
   DATA SIZE        =     16    ----
   IDATA SIZE       =   ----    ----
   BIT SIZE         =   ----    ----
END OF MODULE INFORMATION.


C51 COMPILATION COMPLETE.  0 WARNING(S),  0 ERROR(S)
