C51 COMPILER V9.01   KEY                                                                   01/16/2024 14:48:40 PAGE 1   


C51 COMPILER V9.01, COMPILATION OF MODULE KEY
OBJECT MODULE PLACED IN .\Obj\key.obj
COMPILER INVOKED BY: E:\keilc51\C51\BIN\C51.EXE APP\key\key.c BROWSE INCDIR(.\Public;.\APP\key;.\APP\iic;.\APP\at24c02;.
                    -\APP\ds18b20;.\APP\ds1302;.\APP\smg) DEBUG OBJECTEXTEND PRINT(.\Obj\key.lst) OBJECT(.\Obj\key.obj)

line level    source

   1          #include "key.h"
   2          
   3          unsigned char scan(unsigned char mode){
   4   1           static unsigned char key=1;
   5   1               if(mode==1){
   6   2               key=1;}
   7   1               
   8   1               if(key==1&&KEY1==0){
   9   2               delay(1000);
  10   2               key=0; 
  11   2               return key1_p;} 
  12   1               else if(key==1&&KEY2==0){
  13   2               delay(100000);
  14   2               key=0;
  15   2               //while(KEY2!=1);
  16   2               return key2_p;}
  17   1               else if(key==1&&KEY3==0){
  18   2               delay(1000);
  19   2               key=0;
  20   2               return key3_p;}
  21   1               else if(key==1&&KEY4==0){
  22   2               delay(1000);
  23   2               key=0;
  24   2               return key4_p;}   
  25   1       
  26   1       /*     if(key==1&&(KEY1==0||KEY2==0||KEY3==0||KEY4==0)){
  27   1               delay(1000);
  28   1               key=0;
  29   1               if(KEY1==0)
  30   1                  return key1_p;
  31   1           else if(KEY2==0)
  32   1                          return key2_p;
  33   1               else if(KEY3==0)
  34   1                              return key3_p;
  35   1               else if(KEY4==0)
  36   1                              return key4_p;} */ 
  37   1               else if(KEY1==1&&KEY2==1&&KEY3==1&&KEY4==1)
  38   1               { delay(1000);
  39   2               key=1;
  40   2                 return nopress;      }
  41   1               }
  42                    
*** WARNING C291 IN LINE 41 OF APP\KEY\KEY.C: not every exit path returns a value


MODULE INFORMATION:   STATIC OVERLAYABLE
   CODE SIZE        =    115    ----
   CONSTANT SIZE    =   ----    ----
   XDATA SIZE       =   ----    ----
   PDATA SIZE       =   ----    ----
   DATA SIZE        =      1    ----
   IDATA SIZE       =   ----    ----
   BIT SIZE         =   ----    ----
END OF MODULE INFORMATION.

C51 COMPILER V9.01   KEY                                                                   01/16/2024 14:48:40 PAGE 2   


C51 COMPILATION COMPLETE.  1 WARNING(S),  0 ERROR(S)
