C51 COMPILER V9.01   MAIN                                                                  01/22/2024 13:57:21 PAGE 1   


C51 COMPILER V9.01, COMPILATION OF MODULE MAIN
OBJECT MODULE PLACED IN .\Obj\main.obj
COMPILER INVOKED BY: E:\keilc51\C51\BIN\C51.EXE User\main.c BROWSE INCDIR(.\Public;.\APP\key;.\APP\iic;.\APP\at24c02;.\A
                    -PP\ds18b20;.\APP\ds1302;.\APP\smg;.\APP\ired;.\APP\xpt2046;.\APP\pwm) DEBUG OBJECTEXTEND PRINT(.\Obj\main.lst) OBJECT(.\
                    -Obj\main.obj)

line level    source

   1          #include "public.h"
   2          #include "pwm.h"
   3          
   4          
   5          void main(){
   6   1              u8 dir=0;
   7   1              u8 duty=0;
   8   1              pwm_init(0xff,0xf6,100,0);
   9   1              while(1){
  10   2                        if(dir==0)
  11   2                        {
  12   3                              duty++;
  13   3                              if(duty==70)dir=1;
  14   3                        }
  15   2                        else
  16   2                        {
  17   3                              duty--;
  18   3                              if(duty==0)dir=0;
  19   3                        }
  20   2                        set_duty(duty);
  21   2                        delay_ms(1);
  22   2       }      
  23   1               }


MODULE INFORMATION:   STATIC OVERLAYABLE
   CODE SIZE        =     52    ----
   CONSTANT SIZE    =   ----    ----
   XDATA SIZE       =   ----    ----
   PDATA SIZE       =   ----    ----
   DATA SIZE        =   ----       2
   IDATA SIZE       =   ----    ----
   BIT SIZE         =   ----    ----
END OF MODULE INFORMATION.


C51 COMPILATION COMPLETE.  0 WARNING(S),  0 ERROR(S)
