C51 COMPILER V9.01   PUBLIC                                                                01/12/2024 22:54:44 PAGE 1   


C51 COMPILER V9.01, COMPILATION OF MODULE PUBLIC
OBJECT MODULE PLACED IN public.obj
COMPILER INVOKED BY: E:\keilc51\C51\BIN\C51.EXE Public\public.c BROWSE INCDIR(.\Public;.\APP\key;.\APP\smg) DEBUG OBJECT
                    -EXTEND PRINT(.\public.lst) OBJECT(public.obj)

line level    source

   1          #include "public.h"
   2          
   3          void delay(unsigned int x){
   4   1           while(x--);
   5   1               }
   6          void delay_ms(u16 ms)
   7          {
   8   1      u16 i,j;
   9   1      for(i=ms;i>0;i--)
  10   1      for(j=110;j>0;j--);
  11   1      }                       


MODULE INFORMATION:   STATIC OVERLAYABLE
   CODE SIZE        =     25    ----
   CONSTANT SIZE    =   ----    ----
   XDATA SIZE       =   ----    ----
   PDATA SIZE       =   ----    ----
   DATA SIZE        =   ----    ----
   IDATA SIZE       =   ----    ----
   BIT SIZE         =   ----    ----
END OF MODULE INFORMATION.


C51 COMPILATION COMPLETE.  0 WARNING(S),  0 ERROR(S)
