C51 COMPILER V9.01   MAIN                                                                  01/16/2024 17:17:31 PAGE 1   


C51 COMPILER V9.01, COMPILATION OF MODULE MAIN
OBJECT MODULE PLACED IN .\Obj\main.obj
COMPILER INVOKED BY: E:\keilc51\C51\BIN\C51.EXE User\main.c BROWSE INCDIR(.\Public;.\APP\key;.\APP\iic;.\APP\at24c02;.\A
                    -PP\ds18b20;.\APP\ds1302;.\APP\smg;.\APP\ired) DEBUG OBJECTEXTEND PRINT(.\Obj\main.lst) OBJECT(.\Obj\main.obj)

line level    source

   1          #include "public.h"
   2          #include "smg.h"
   3          #include "ired.h"
   4          
   5          
   6          void main(){
   7   1              u8 buf[3];
   8   1              ired_init();
   9   1              
  10   1              while(1){
  11   2      
  12   2                      buf[0]=gsmg_code[gired_data[2]/16];
  13   2                      buf[1]=gsmg_code[gired_data[2]%16];
  14   2                      buf[2]=0x76;
  15   2                      smg_display(buf,6);
  16   2       
  17   2       }      
  18   1               }


MODULE INFORMATION:   STATIC OVERLAYABLE
   CODE SIZE        =     40    ----
   CONSTANT SIZE    =   ----    ----
   XDATA SIZE       =   ----    ----
   PDATA SIZE       =   ----    ----
   DATA SIZE        =   ----       3
   IDATA SIZE       =   ----    ----
   BIT SIZE         =   ----    ----
END OF MODULE INFORMATION.


C51 COMPILATION COMPLETE.  0 WARNING(S),  0 ERROR(S)
