C51 COMPILER V9.01   KEY                                                                   01/12/2024 23:01:27 PAGE 1   


C51 COMPILER V9.01, COMPILATION OF MODULE KEY
OBJECT MODULE PLACED IN key.obj
COMPILER INVOKED BY: E:\keilc51\C51\BIN\C51.EXE APP\key\key.c BROWSE INCDIR(.\Public;.\APP\key;.\APP\smg) DEBUG OBJECTEX
                    -TEND PRINT(.\key.lst) OBJECT(key.obj)

line level    source

   1          #include "key.h"
   2          
   3          unsigned char scan(unsigned char mode){
   4   1           static unsigned char key=1;
   5   1               if(mode==1){
   6   2               key=1;}
   7   1               
   8   1               if(key==1&&KEY1==0){
   9   2               delay(1000);
  10   2               key=0; 
  11   2               return key1_p;} 
  12   1               else if(key==1&&KEY2==0){
  13   2               delay(100000);
  14   2               key=0;
  15   2               return key2_p;}
  16   1               else if(key==1&&KEY3==0){
  17   2               delay(1000);
  18   2               key=0;
  19   2               return key3_p;}
  20   1               else if(key==1&&KEY4==0){
  21   2               delay(1000);
  22   2               key=0;
  23   2               return key4_p;}   
  24   1       
  25   1       /*     if(key==1&&(KEY1==0||KEY2==0||KEY3==0||KEY4==0)){
  26   1               delay(1000);
  27   1               key=0;
  28   1               if(KEY1==0)
  29   1                  return key1_p;
  30   1           else if(KEY2==0)
  31   1                          return key2_p;
  32   1               else if(KEY3==0)
  33   1                              return key3_p;
  34   1               else if(KEY4==0)
  35   1                              return key4_p;} */ 
  36   1               else if(KEY1==1&&KEY2==1&&KEY3==1&&KEY4==1)
  37   1               { delay(1000);
  38   2               key=1;
  39   2                 return nopress;      }
  40   1               }
  41                    
*** WARNING C291 IN LINE 40 OF APP\KEY\KEY.C: not every exit path returns a value


MODULE INFORMATION:   STATIC OVERLAYABLE
   CODE SIZE        =    115    ----
   CONSTANT SIZE    =   ----    ----
   XDATA SIZE       =   ----    ----
   PDATA SIZE       =   ----    ----
   DATA SIZE        =      1    ----
   IDATA SIZE       =   ----    ----
   BIT SIZE         =   ----    ----
END OF MODULE INFORMATION.


C51 COMPILATION COMPLETE.  1 WARNING(S),  0 ERROR(S)
