C51 COMPILER V9.01   SMG                                                                   01/12/2024 22:57:21 PAGE 1   


C51 COMPILER V9.01, COMPILATION OF MODULE SMG
OBJECT MODULE PLACED IN smg.obj
COMPILER INVOKED BY: E:\keilc51\C51\BIN\C51.EXE APP\smg\smg.c BROWSE INCDIR(.\Public;.\APP\key;.\APP\smg) DEBUG OBJECTEX
                    -TEND PRINT(.\smg.lst) OBJECT(smg.obj)

line level    source

   1          #include "smg.h"
   2          unsigned char gsmg_code[]={0x3f,0x06,0x5b,0x4f,0x66,0x6d,0x7d,0x07,
   3          0x7f,0x6f,0x77,0x7c,0x39,0x5e,0x79,0x71};
   4          
   5          void smg_display()
   6          {        int i; 
   7   1           
   8   1                      for(i=0;i<8;i++){
   9   2               switch(i){
  10   3                case 0:LSC=1;LSB=1;LSA=1;break;
  11   3                case 1:LSC=1;LSB=1;LSA=0;break;
  12   3                case 2:LSC=1;LSB=0;LSA=1;break;
  13   3                case 3:LSC=1;LSB=0;LSA=0;break;
  14   3                case 4:LSC=0;LSB=1;LSA=1;break;
  15   3                case 5:LSC=0;LSB=1;LSA=0;break;
  16   3                case 6:LSC=0;LSB=0;LSA=1;break;
  17   3                case 7:LSC=0;LSB=0;LSA=0;break;}
  18   2                SMG=gsmg_code[i]  ;  
  19   2                delay(100)   ;
  20   2                SMG=0x00 ;
  21   2                
  22   2               }
  23   1      }


MODULE INFORMATION:   STATIC OVERLAYABLE
   CODE SIZE        =    131    ----
   CONSTANT SIZE    =   ----    ----
   XDATA SIZE       =   ----    ----
   PDATA SIZE       =   ----    ----
   DATA SIZE        =     16       2
   IDATA SIZE       =   ----    ----
   BIT SIZE         =   ----    ----
END OF MODULE INFORMATION.


C51 COMPILATION COMPLETE.  0 WARNING(S),  0 ERROR(S)
