C51 COMPILER V9.01   LCD1602                                                               01/19/2024 15:22:27 PAGE 1   


C51 COMPILER V9.01, COMPILATION OF MODULE LCD1602
OBJECT MODULE PLACED IN .\Obj\lcd1602.obj
COMPILER INVOKED BY: E:\keilc51\C51\BIN\C51.EXE APP\lcd1602\lcd1602.c BROWSE INCDIR(.\Public;.\APP\key;.\APP\iic;.\APP\a
                    -t24c02;.\APP\ds18b20;.\APP\ds1302;.\APP\smg;.\APP\ired;.\APP\xpt2046;.\APP\lcd1602) DEBUG OBJECTEXTEND PRINT(.\Obj\lcd16
                    -02.lst) OBJECT(.\Obj\lcd1602.obj)

line level    source

   1          #include "lcd1602.h"
   2          
   3          void lcd1602_write_cmd(u8 cmd)
   4          {
   5   1              LCD1602_RS=0;
   6   1              LCD1602_RW=0;
   7   1              LCD1602_E=0;
   8   1              LEC1602_DATAPORT=cmd;
   9   1              delay_ms(1);
  10   1              LCD1602_E=1;
  11   1              delay_ms(1);
  12   1              LCD1602_E=0;
  13   1      }
  14          
  15          void lcd1602_write_data(u8 dat)
  16          {
  17   1              LCD1602_RS=1;
  18   1              LCD1602_RW=0;
  19   1              LCD1602_E=0;
  20   1              LEC1602_DATAPORT=dat;
  21   1              delay_ms(1);
  22   1              LCD1602_E=1;
  23   1              delay_ms(1);
  24   1              LCD1602_E=0;
  25   1      }
  26          void lcd1602_init()
  27          {
  28   1               lcd1602_write_cmd(0x38);
  29   1               lcd1602_write_cmd(0x0c);
  30   1               lcd1602_write_cmd(0x06);
  31   1               lcd1602_write_cmd(0x01);
  32   1      }
  33          
  34          void lcd1602_show_string(u8 col,u8 row,u8 *str)          
  35          {
  36   1              u8 i=0;
  37   1              if(row>1||col>15)return;
  38   1              if(row<1)
  39   1              {
  40   2                      while(*str!='\0')
  41   2                      {
  42   3                              if(i<16-col)
  43   3                                      lcd1602_write_cmd(0x80+col+i);
  44   3                              else
  45   3                                      lcd1602_write_cmd(0x80+0x40+col+i-16);
  46   3                              lcd1602_write_data(*str);
  47   3                              str++;
  48   3                              i++;
  49   3                              
  50   3                      }
  51   2              }
  52   1              else
  53   1              {
C51 COMPILER V9.01   LCD1602                                                               01/19/2024 15:22:27 PAGE 2   

  54   2                              while(*str!='\0')
  55   2                      {
  56   3                              if(i<16-col)
  57   3                                      lcd1602_write_cmd(0x80+0x40+col+i);
  58   3                              else
  59   3                                      lcd1602_write_cmd(0x80+col+i-16);
  60   3                              lcd1602_write_data(*str);
  61   3                              str++;
  62   3                              i++;
  63   3                              
  64   3                      }
  65   2              }       
  66   1      }
  67          void lcd1602_clear(void)
  68          {
  69   1              lcd1602_write_cmd(0x01);
  70   1      }


MODULE INFORMATION:   STATIC OVERLAYABLE
   CODE SIZE        =    236    ----
   CONSTANT SIZE    =   ----    ----
   XDATA SIZE       =   ----    ----
   PDATA SIZE       =   ----    ----
   DATA SIZE        =   ----       5
   IDATA SIZE       =   ----    ----
   BIT SIZE         =   ----    ----
END OF MODULE INFORMATION.


C51 COMPILATION COMPLETE.  0 WARNING(S),  0 ERROR(S)
