C51 COMPILER V9.01   MAIN                                                                  01/19/2024 15:42:19 PAGE 1   


C51 COMPILER V9.01, COMPILATION OF MODULE MAIN
OBJECT MODULE PLACED IN .\Obj\main.obj
COMPILER INVOKED BY: E:\keilc51\C51\BIN\C51.EXE User\main.c BROWSE INCDIR(.\Public;.\APP\key;.\APP\iic;.\APP\at24c02;.\A
                    -PP\ds18b20;.\APP\ds1302;.\APP\smg;.\APP\ired;.\APP\xpt2046;.\APP\lcd1602) DEBUG OBJECTEXTEND PRINT(.\Obj\main.lst) OBJEC
                    -T(.\Obj\main.obj)

line level    source

   1          #include "public.h"
   2          #include "lcd1602.h"
   3          #include "ds18b20.h"
   4          #include "intrins.h"
   5          
   6          void main(){
   7   1      
   8   1              u8 i=0;
   9   1              int temp_value=0;
  10   1              u8 buf[7];
  11   1              lcd1602_init();
  12   1              ds18b20_init(); 
  13   1              while(1){
  14   2      
  15   2                       i++;
  16   2                      if(i%50==0)
  17   2                      temp_value=ds18b20_read_temperature()*10;
  18   2                      if(temp_value<0)
  19   2                      {
  20   3                              temp_value=-temp_value;
  21   3                              buf[0]='-';
  22   3      
  23   3                      }
  24   2                      else buf[0]=' ';
  25   2                      buf[1]=(temp_value/1000)+0x30;
  26   2                      buf[2]=(temp_value%1000/100)+0x30;
  27   2                      buf[3]=(temp_value%1000%100/10)+0x30;
  28   2                      buf[4]='.';
  29   2                      buf[5]=(temp_value%1000%100%10)+0x30;
  30   2                      buf[6]='\0';
  31   2                      lcd1602_show_string(5,0,buf);
  32   2       }      
  33   1               }


MODULE INFORMATION:   STATIC OVERLAYABLE
   CODE SIZE        =    187    ----
   CONSTANT SIZE    =   ----    ----
   XDATA SIZE       =   ----    ----
   PDATA SIZE       =   ----    ----
   DATA SIZE        =   ----      10
   IDATA SIZE       =   ----    ----
   BIT SIZE         =   ----    ----
END OF MODULE INFORMATION.


C51 COMPILATION COMPLETE.  0 WARNING(S),  0 ERROR(S)
