C51 COMPILER V9.01   XPT2046                                                               01/17/2024 22:15:20 PAGE 1   


C51 COMPILER V9.01, COMPILATION OF MODULE XPT2046
OBJECT MODULE PLACED IN .\Obj\xpt2046.obj
COMPILER INVOKED BY: E:\keilc51\C51\BIN\C51.EXE APP\xpt2046\xpt2046.c BROWSE INCDIR(.\Public;.\APP\key;.\APP\iic;.\APP\a
                    -t24c02;.\APP\ds18b20;.\APP\ds1302;.\APP\smg;.\APP\ired;.\APP\xpt2046) DEBUG OBJECTEXTEND PRINT(.\Obj\xpt2046.lst) OBJECT
                    -(.\Obj\xpt2046.obj)

line level    source

   1          #include "xpt2046.h"
   2          #include "intrins.h"
   3          
   4          void xpt2046_write_data(u8 dat)
   5          {
   6   1              u8 i=0;
   7   1      
   8   1              CLK=0;
   9   1              _nop_();
  10   1              for(i=0;i<8;i++)
  11   1              {
  12   2                      DIN=dat>>7;
  13   2                      CLK=1;
  14   2                      _nop_();
  15   2                      CLK=0;
  16   2                      _nop_();
  17   2                      dat<<=1;
  18   2                              
  19   2              }
  20   1      
  21   1      }
  22          
  23          u16 xpt2046_read_data()
  24          {
  25   1              u8 i=0;
  26   1              u16 temp=0;
  27   1              CLK=0;
  28   1              _nop_();
  29   1              for(i=0;i<12;i++)
  30   1              {
  31   2                      
  32   2                      CLK=1;
  33   2                      _nop_();
  34   2                      CLK=0;
  35   2                      _nop_();
  36   2                      temp|=DOUT;
  37   2                      temp<<=1;
  38   2              }
  39   1              return temp;
  40   1      }
  41          
  42          u16 xpt2045_read_adc_value(u8 cmd)
  43          {
  44   1              u16 adc_value=0;
  45   1              u8 i=0;
  46   1              CS=0;
  47   1              CLK=0;
  48   1              xpt2046_write_data(cmd);
  49   1              for(i=6;i>0;i--);//—” ±
  50   1              CLK=0;  
  51   1              _nop_();
  52   1              CLK=1;
  53   1              _nop_();
C51 COMPILER V9.01   XPT2046                                                               01/17/2024 22:15:20 PAGE 2   

  54   1              adc_value=xpt2046_read_data();
  55   1              CS=1;
  56   1              return adc_value;
  57   1      
  58   1      
  59   1      }


MODULE INFORMATION:   STATIC OVERLAYABLE
   CODE SIZE        =     89    ----
   CONSTANT SIZE    =   ----    ----
   XDATA SIZE       =   ----    ----
   PDATA SIZE       =   ----    ----
   DATA SIZE        =   ----    ----
   IDATA SIZE       =   ----    ----
   BIT SIZE         =   ----    ----
END OF MODULE INFORMATION.


C51 COMPILATION COMPLETE.  0 WARNING(S),  0 ERROR(S)
