C51 COMPILER V9.01   MAIN                                                                  05/06/2024 18:55:28 PAGE 1   


C51 COMPILER V9.01, COMPILATION OF MODULE MAIN
OBJECT MODULE PLACED IN main.OBJ
COMPILER INVOKED BY: E:\keilc51\C51\BIN\C51.EXE main.c BROWSE DEBUG OBJECTEXTEND

line level    source

   1          #include "reg52.h"
   2          #define time 5000
   3          typedef unsigned char u8;
   4          typedef unsigned char u16;
   5          sbit Relay1 = P2^0;        //Relay¡ª¡ª¼ÌµçÆ÷
   6          sbit Relay2 = P2^1;     
   7          sbit PPP = P1^0;
   8          sbit PP = P3^0;  
   9          
  10          void delay(unsigned int x){
  11   1           while(x--);
  12   1               }
  13          void delay_ms(u16 ms)
  14          {
  15   1      u16 i,j;
  16   1      for(i=ms;i>0;i--)
  17   1      for(j=110;j>0;j--);
  18   1      }                       
  19          
  20          void main()
  21          {         
  22   1               Relay1=1;
  23   1               PPP=1;
  24   1               PP=1;
  25   1               //delay_ms(time);
  26   1               //Relay=0;
  27   1               while(1)
  28   1               {               
  29   2               
  30   2                                
  31   2                                      
  32   2               
  33   2                       
  34   2               
  35   2               }
  36   1               }


MODULE INFORMATION:   STATIC OVERLAYABLE
   CODE SIZE        =     33    ----
   CONSTANT SIZE    =   ----    ----
   XDATA SIZE       =   ----    ----
   PDATA SIZE       =   ----    ----
   DATA SIZE        =   ----    ----
   IDATA SIZE       =   ----    ----
   BIT SIZE         =   ----    ----
END OF MODULE INFORMATION.


C51 COMPILATION COMPLETE.  0 WARNING(S),  0 ERROR(S)
