C51 COMPILER V9.01   MAIN                                                                  01/24/2024 15:45:19 PAGE 1   


C51 COMPILER V9.01, COMPILATION OF MODULE MAIN
OBJECT MODULE PLACED IN .\Obj\main.obj
COMPILER INVOKED BY: E:\keilc51\C51\BIN\C51.EXE User\main.c BROWSE INCDIR(.\App\24c02;.\App\iic;.\App\key;.\App\smg;.\Pu
                    -blic;.\App\ds18b20;.\App_Demo) DEBUG OBJECTEXTEND PRINT(.\Obj\main.lst) OBJECT(.\Obj\main.obj)

line level    source

   1          /**************************************************************************************
   2          深圳市普中科技有限公司（PRECHIN 普中）
   3          技术支持：www.prechin.net
   4          PRECHIN
   5           普中
   6          
   7          实验名称：PZ-ESP8266(模组)模块实验
   8          接线说明：DS18B20模块-->单片机IO
   9                            VCC-->5V
  10                            DATA-->P3.7
  11                            GND-->GND     
  12          
  13                            PZ-ESP8266 WIFI模块-->单片机IO
  14                            TXD-->P3.0
  15                            RXD-->P3.1
  16                            VCC-->3.3V
  17                            GND-->GND
  18                            CH_PD-->3.3V
  19                            
  20                            LED模块-->单片机IO
  21                            D1-->P2.0
  22                                  
  23          实验现象：下载程序后，插上DS18B20温度传感器，数码管显示检测的温度值，连接
  24                            WIFI模块热点，打开手机APP，可控制开发板D1指示灯，同时采集的温度数据上传到手机
  25                            APP显示。
  26          注意事项：注意温度传感器的方向，在接口处我们已经用丝印画了一个凸起，
  27                            所以只需要将温度传感器对应插入即可                                                                                                                                                              
  28          ***************************************************************************************/
  29          #include "public.h"
  30          #include "wifi_control.h"
  31          
  32          /*******************************************************************************
  33          * 函 数 名       : main
  34          * 函数功能               : 主函数
  35          * 输    入       : 无
  36          * 输    出       : 无
  37          *******************************************************************************/
  38          void main()
  39          {       
  40   1              wifi_control_init();
  41   1      
  42   1              while(1)
  43   1              {                               
  44   2                      wifi_control(); 
  45   2              }               
  46   1      }


MODULE INFORMATION:   STATIC OVERLAYABLE
   CODE SIZE        =      8    ----
   CONSTANT SIZE    =   ----    ----
   XDATA SIZE       =   ----    ----
   PDATA SIZE       =   ----    ----
   DATA SIZE        =   ----    ----
C51 COMPILER V9.01   MAIN                                                                  01/24/2024 15:45:19 PAGE 2   

   IDATA SIZE       =   ----    ----
   BIT SIZE         =   ----    ----
END OF MODULE INFORMATION.


C51 COMPILATION COMPLETE.  0 WARNING(S),  0 ERROR(S)
