C51 COMPILER V9.01   MAIN                                                                  04/05/2024 19:39:17 PAGE 1   


C51 COMPILER V9.01, COMPILATION OF MODULE MAIN
OBJECT MODULE PLACED IN main.OBJ
COMPILER INVOKED BY: E:\keilc51\C51\BIN\C51.EXE main.c BROWSE DEBUG OBJECTEXTEND

line level    source

   1          #include "reg52.h"
   2          #define time 5000
   3          typedef unsigned char u8;
   4          typedef unsigned char u16;
   5          sbit motor = P1^0;
   6          sbit A = P2^0;
   7          void delay(unsigned int x){
   8   1           while(x--);
   9   1               }
  10          void delay_ms(u16 ms)
  11          {
  12   1      u16 i,j;
  13   1      for(i=ms;i>0;i--)
  14   1      for(j=110;j>0;j--);
  15   1      }                       
  16          
  17          void main()
  18          {         
  19   1           u8  i;
  20   1               A=1;
  21   1      //       delay_ms(time);
  22   1      //       A=0;
  23   1      
  24   1               while(1)
  25   1               {               
  26   2               
  27   2                                
  28   2                                      
  29   2               
  30   2                       
  31   2               
  32   2               }
  33   1               }
*** WARNING C280 IN LINE 19 OF MAIN.C: 'i': unreferenced local variable


MODULE INFORMATION:   STATIC OVERLAYABLE
   CODE SIZE        =     29    ----
   CONSTANT SIZE    =   ----    ----
   XDATA SIZE       =   ----    ----
   PDATA SIZE       =   ----    ----
   DATA SIZE        =   ----       1
   IDATA SIZE       =   ----    ----
   BIT SIZE         =   ----    ----
END OF MODULE INFORMATION.


C51 COMPILATION COMPLETE.  1 WARNING(S),  0 ERROR(S)
