C51 COMPILER V9.01   MAIN                                                                  01/14/2024 21:12:01 PAGE 1   


C51 COMPILER V9.01, COMPILATION OF MODULE MAIN
OBJECT MODULE PLACED IN .\Obj\main.obj
COMPILER INVOKED BY: E:\keilc51\C51\BIN\C51.EXE User\main.c BROWSE INCDIR(.\Public;.\APP\key;.\APP\smg;.\APP\iic;.\APP\a
                    -t24c02) DEBUG OBJECTEXTEND PRINT(.\Obj\main.lst) OBJECT(.\Obj\main.obj)

line level    source

   1          #include "public.h"
   2          #include "key.h"
   3          #include "smg.h"
   4          #include "at24c02.h"
   5          #define EEPROM_ADDRESS 0
   6          
   7          void main(){
   8   1              u16 save_value=0;
   9   1              u8 key=0;
  10   1              u8 save_buf[3];
  11   1              while(1){
  12   2                 key=scan(0);
  13   2               if(key==key1_p){
  14   3                  at24c02_write_byte(EEPROM_ADDRESS,save_value);
  15   3              }
  16   2               else if(key==key2_p) {
  17   3               save_value=at24c02_read_byte(EEPROM_ADDRESS);
  18   3               }
  19   2               else if(key==key3_p) {
  20   3               save_value++;
  21   3               if(save_value>=255)
  22   3               save_value=255;         }
  23   2               else if(key==key4_p) {save_value=0;  }
  24   2      
  25   2               save_buf[0]=save_value/100;
  26   2               save_buf[1]=save_value%100/10;
  27   2               save_buf[2]=save_value%100%10;
  28   2               smg_display(save_buf,6);
  29   2              
  30   2         }
  31   1       }


MODULE INFORMATION:   STATIC OVERLAYABLE
   CODE SIZE        =    153    ----
   CONSTANT SIZE    =   ----    ----
   XDATA SIZE       =   ----    ----
   PDATA SIZE       =   ----    ----
   DATA SIZE        =   ----       6
   IDATA SIZE       =   ----    ----
   BIT SIZE         =   ----    ----
END OF MODULE INFORMATION.


C51 COMPILATION COMPLETE.  0 WARNING(S),  0 ERROR(S)
