C51 COMPILER V9.01   UART                                                                  05/15/2024 22:12:13 PAGE 1   


C51 COMPILER V9.01, COMPILATION OF MODULE UART
OBJECT MODULE PLACED IN .\Obj\uart.obj
COMPILER INVOKED BY: E:\keilc51\C51\BIN\C51.EXE Public\uart.c BROWSE INCDIR(.\App\24c02;.\App\iic;.\App\key;.\App\smg;.\
                    -Public;.\App\ds18b20;.\App_Demo) DEBUG OBJECTEXTEND PRINT(.\Obj\uart.lst) OBJECT(.\Obj\uart.obj)

line level    source

   1          #include "uart.h"
   2          
   3          #define RELOAD_COUNT 0xFA //宏定义波特率发生器的载入值 9600
   4          
   5          void UART_Init(void)
   6          {
   7   1              SCON|=0X50;                     //设置为工作方式1
   8   1              TMOD|=0X20;                     //设置定时器工作方式2
   9   1              PCON=0X80;                      //波特率加倍
  10   1              TH1=RELOAD_COUNT;       //计数器初始值设置
  11   1              TL1=TH1;
  12   1              ES=0;                           //关闭接收中断
  13   1              EA=1;                           //打开总中断
  14   1              TR1=1;                          //打开定时器
  15   1      //      TI=1;          //发送中断标记位，如果使用printf函数的必须设置   
  16   1      }
  17          
  18          void UART_SendData(u8 dat)
  19          {
  20   1              ES=0; //关闭串口中断
  21   1              TI=0; //清发送完毕中断请求标志位
  22   1              SBUF=dat; //发送
  23   1              while(TI==0); //等待发送完毕
  24   1              TI=0; //清发送完毕中断请求标志位
  25   1              ES=1; //允许串口中断
  26   1      }
  27          
  28          void UART_SendString(u8 *pbuf)
  29          {
  30   1              while(*pbuf!='\0') //遇到空格跳出循环   
  31   1              {
  32   2                      UART_SendData(*pbuf);
  33   2                      delay_10us(5);
  34   2                      pbuf++; 
  35   2              }
  36   1      }
  37          
  38          u8 UART_RX_BUF[UART_REC_LEN];     //接收缓冲,最大UART_REC_LEN个字节.
  39          //接收状态
  40          //bit15，       接收完成标志
  41          //bit14，       接收到0x0d
  42          //bit13~0，     接收到的有效字节数目
  43          u16 UART_RX_STA=0;       //接收状态标记 
  44          
  45          
  46          //void UART_IRQn() interrupt 4
  47          //{
  48          //      u8 r;
  49          //      static u8 i=0;
  50          //      
  51          //      if(RI)
  52          //      {
  53          //              RI=0;
  54          //              UART_RX_BUF[i]=SBUF;//读取接收到的数据
C51 COMPILER V9.01   UART                                                                  05/15/2024 22:12:13 PAGE 2   

  55          //              if(UART_RX_BUF[0]=='+')i++;
  56          //              else i=0;
  57          //              if(i==10)
  58          //              {
  59          //                      i=0;
  60          //              }                               
  61          //      }       
  62          //}
  63          


MODULE INFORMATION:   STATIC OVERLAYABLE
   CODE SIZE        =     78    ----
   CONSTANT SIZE    =   ----    ----
   XDATA SIZE       =   ----    ----
   PDATA SIZE       =   ----    ----
   DATA SIZE        =     12       3
   IDATA SIZE       =   ----    ----
   BIT SIZE         =   ----    ----
END OF MODULE INFORMATION.


C51 COMPILATION COMPLETE.  0 WARNING(S),  0 ERROR(S)
