C51 COMPILER V9.01   MAIN                                                                  01/12/2024 23:05:08 PAGE 1   


C51 COMPILER V9.01, COMPILATION OF MODULE MAIN
OBJECT MODULE PLACED IN main.obj
COMPILER INVOKED BY: E:\keilc51\C51\BIN\C51.EXE User\main.c BROWSE INCDIR(.\Public;.\APP\key;.\APP\smg) DEBUG OBJECTEXTE
                    -ND PRINT(.\main.lst) OBJECT(main.obj)

line level    source

   1          #include "public.h"
   2          #include "key.h"
   3          #include "smg.h"
   4           void main(){
   5   1              
   6   1              u8 key=0;
   7   1              while(1){
   8   2                 smg_display();
   9   2                 key=scan(0);
  10   2               if(key==key2_p){
  11   3                  LED1=!LED1;
  12   3      
  13   3                      LED7=!LED7;
  14   3      
  15   3              }
  16   2              
  17   2         }
  18   1       }


MODULE INFORMATION:   STATIC OVERLAYABLE
   CODE SIZE        =     19    ----
   CONSTANT SIZE    =   ----    ----
   XDATA SIZE       =   ----    ----
   PDATA SIZE       =   ----    ----
   DATA SIZE        =   ----    ----
   IDATA SIZE       =   ----    ----
   BIT SIZE         =   ----    ----
END OF MODULE INFORMATION.


C51 COMPILATION COMPLETE.  0 WARNING(S),  0 ERROR(S)
